<?xml version="1.0" encoding="UTF-8"?>
<testng-results ignored="0" total="1" passed="1" failed="0" skipped="0">
  <reporter-output>
  </reporter-output>
  <suite started-at="2021-12-09T16:10:01 IST" name="Default suite" finished-at="2021-12-09T16:10:01 IST" duration-ms="77">
    <groups>
    </groups>
    <test started-at="2021-12-09T16:10:01 IST" name="Default test" finished-at="2021-12-09T16:10:01 IST" duration-ms="77">
      <class name="com.crm.practice.demo">
        <test-method signature="print()[pri:0, instance:com.crm.practice.demo@28f3b248]" started-at="2021-12-09T16:10:01 IST" name="print" finished-at="2021-12-09T16:10:01 IST" duration-ms="14" status="PASS">
          <reporter-output>
          </reporter-output>
        </test-method> <!-- print -->
      </class> <!-- com.crm.practice.demo -->
    </test> <!-- Default test -->
  </suite> <!-- Default suite -->
</testng-results>
